#
# There is insufficient memory for the Java Runtime Environment to continue.
# Native memory allocation (mmap) failed to map 130023424 bytes. Error detail: G1 virtual space
# Possible reasons:
#   The system is out of physical RAM or swap space
#   This process is running with CompressedOops enabled, and the Java Heap may be blocking the growth of the native heap
# Possible solutions:
#   Reduce memory load on the system
#   Increase physical memory or swap space
#   Check if swap backing store is full
#   Decrease Java heap size (-Xmx/-Xms)
#   Decrease number of Java threads
#   Decrease Java thread stack sizes (-Xss)
#   Set larger code cache with -XX:ReservedCodeCacheSize=
#   JVM is running with Unscaled Compressed Oops mode in which the Java heap is
#     placed in the first 4GB address space. The Java Heap base address is the
#     maximum limit for the native heap growth. Please use -XX:HeapBaseMinAddress
#     to set the Java Heap base and to place the Java Heap above 4GB virtual address.
# This output file may be truncated or incomplete.
#
#  Out of Memory Error (os_windows.cpp:3898), pid=15696, tid=408
#
# JRE version:  (21.0.6) (build )
# Java VM: OpenJDK 64-Bit Server VM (21.0.6+-13368085-b895.109, mixed mode, sharing, tiered, compressed oops, compressed class ptrs, g1 gc, windows-amd64)
# No core dump will be written. Minidumps are not enabled by default on client versions of Windows
#

---------------  S U M M A R Y ------------

Command Line: org.jetbrains.kotlin.cli.jvm.K2JVMCompiler @D:\Deep_Linking\app\build\20250714_7908921259946717079.compiler.options

Host: Intel(R) Core(TM) i5-6300U CPU @ 2.40GHz, 4 cores, 7G,  Windows 10 , 64 bit Build 19041 (10.0.19041.5915)
Time: Mon Jul 14 14:15:58 2025 Pakistan Standard Time elapsed time: 0.012430 seconds (0d 0h 0m 0s)

---------------  T H R E A D  ---------------

Current thread (0x0000023564bbc240):  JavaThread "Unknown thread" [_thread_in_vm, id=408, stack(0x0000003c5cb00000,0x0000003c5cc00000) (1024K)]

Stack: [0x0000003c5cb00000,0x0000003c5cc00000]
Native frames: (J=compiled Java code, j=interpreted, Vv=VM code, C=native code)
V  [jvm.dll+0x6d0639]
V  [jvm.dll+0x85eb03]
V  [jvm.dll+0x86105e]
V  [jvm.dll+0x861743]
V  [jvm.dll+0x27e6e6]
V  [jvm.dll+0x6ccfd5]
V  [jvm.dll+0x6c0a8a]
V  [jvm.dll+0x35537b]
V  [jvm.dll+0x35cfd6]
V  [jvm.dll+0x3aef86]
V  [jvm.dll+0x3af258]
V  [jvm.dll+0x327a2c]
V  [jvm.dll+0x32871b]
V  [jvm.dll+0x826549]
V  [jvm.dll+0x3bc158]
V  [jvm.dll+0x80f7f8]
V  [jvm.dll+0x45035e]
V  [jvm.dll+0x451ac1]
C  [jli.dll+0x52ab]
C  [ucrtbase.dll+0x21bb2]
C  [KERNEL32.DLL+0x17374]
C  [ntdll.dll+0x4cc91]


---------------  P R O C E S S  ---------------

Threads class SMR info:
_java_thread_list=0x00007ff80f7e1848, length=0, elements={
}

Java Threads: ( => current thread )
Total: 0

Other Threads:
  0x0000023566dedf40 WorkerThread "GC Thread#0"                     [id=3164, stack(0x0000003c5cc00000,0x0000003c5cd00000) (1024K)]
  0x0000023566dfe3e0 ConcurrentGCThread "G1 Main Marker"            [id=8776, stack(0x0000003c5cd00000,0x0000003c5ce00000) (1024K)]
  0x0000023566e00460 WorkerThread "G1 Conc#0"                       [id=6656, stack(0x0000003c5ce00000,0x0000003c5cf00000) (1024K)]

[error occurred during error reporting (printing all threads), id 0xc0000005, EXCEPTION_ACCESS_VIOLATION (0xc0000005) at pc=0x00007ff80efdaa87]
VM state: not at safepoint (not fully initialized)

VM Mutex/Monitor currently owned by a thread:  ([mutex/lock_event])
[0x00007ff80f84e4a0] Heap_lock - owner thread: 0x0000023564bbc240

Heap address: 0x0000000085a00000, size: 1958 MB, Compressed Oops mode: 32-bit

CDS archive(s) mapped at: [0x0000000000000000-0x0000000000000000-0x0000000000000000), size 0, SharedBaseAddress: 0x0000000800000000, ArchiveRelocationMode: 1.
Narrow klass base: 0x0000000000000000, Narrow klass shift: 0, Narrow klass range: 0x0

GC Precious Log:
 CardTable entry size: 512
 Card Set container configuration: InlinePtr #cards 5 size 8 Array Of Cards #cards 12 size 40 Howl #buckets 4 coarsen threshold 1843 Howl Bitmap #cards 512 size 80 coarsen threshold 460 Card regions per heap region 1 cards per card region 2048

Heap:
 garbage-first heap   total 0K, used 0K [0x0000000085a00000, 0x0000000100000000)
  region size 1024K, 0 young (0K), 0 survivors (0K)
 Metaspace       used 0K, committed 0K, reserved 0K
  class space    used 0K, committed 0K, reserved 0K

Heap Regions: E=young(eden), S=young(survivor), O=old, HS=humongous(starts), HC=humongous(continues), CS=collection set, F=free, TAMS=top-at-mark-start, PB=parsable bottom

Card table byte_map: [0x00000235792e0000,0x00000235796c0000] _byte_map_base: 0x0000023578eb3000

Marking Bits: (CMBitMap*) 0x0000023566dee640
 Bits: [0x00000235796c0000, 0x000002357b558000)

GC Heap History (0 events):
No events

Dll operation events (1 events):
Event: 0.008 Loaded shared library D:\andorid studio\jbr\bin\java.dll

Deoptimization events (0 events):
No events

Classes loaded (0 events):
No events

Classes unloaded (0 events):
No events

Classes redefined (0 events):
No events

Internal exceptions (0 events):
No events

ZGC Phase Switch (0 events):
No events

VM Operations (0 events):
No events

Memory protections (0 events):
No events

Nmethod flushes (0 events):
No events

Events (0 events):
No events


Dynamic libraries:
0x00007ff6bd040000 - 0x00007ff6bd04a000 	D:\andorid studio\jbr\bin\java.exe
0x00007ff867b30000 - 0x00007ff867d28000 	C:\Windows\SYSTEM32\ntdll.dll
0x00007ff8662f0000 - 0x00007ff8663b2000 	C:\Windows\System32\KERNEL32.DLL
0x00007ff8654e0000 - 0x00007ff8657d6000 	C:\Windows\System32\KERNELBASE.dll
0x00007ff865a50000 - 0x00007ff865b50000 	C:\Windows\System32\ucrtbase.dll
0x00007ff839df0000 - 0x00007ff839e08000 	D:\andorid studio\jbr\bin\jli.dll
0x00007ff85e930000 - 0x00007ff85e94b000 	D:\andorid studio\jbr\bin\VCRUNTIME140.dll
0x00007ff865b50000 - 0x00007ff865ced000 	C:\Windows\System32\USER32.dll
0x00007ff84fd20000 - 0x00007ff84ffba000 	C:\Windows\WinSxS\amd64_microsoft.windows.common-controls_6595b64144ccf1df_6.0.19041.5915_none_60b4b9d171f9c7c7\COMCTL32.dll
0x00007ff865240000 - 0x00007ff865262000 	C:\Windows\System32\win32u.dll
0x00007ff867120000 - 0x00007ff8671be000 	C:\Windows\System32\msvcrt.dll
0x00007ff866fc0000 - 0x00007ff866feb000 	C:\Windows\System32\GDI32.dll
0x00007ff865880000 - 0x00007ff865999000 	C:\Windows\System32\gdi32full.dll
0x00007ff8657e0000 - 0x00007ff86587d000 	C:\Windows\System32\msvcp_win.dll
0x00007ff866420000 - 0x00007ff86644f000 	C:\Windows\System32\IMM32.DLL
0x00007ff8611e0000 - 0x00007ff8611ec000 	D:\andorid studio\jbr\bin\vcruntime140_1.dll
0x00007ff8317a0000 - 0x00007ff83182d000 	D:\andorid studio\jbr\bin\msvcp140.dll
0x00007ff80eca0000 - 0x00007ff80f92b000 	D:\andorid studio\jbr\bin\server\jvm.dll
0x00007ff865d60000 - 0x00007ff865e11000 	C:\Windows\System32\ADVAPI32.dll
0x00007ff865e20000 - 0x00007ff865ebf000 	C:\Windows\System32\sechost.dll
0x00007ff866570000 - 0x00007ff866693000 	C:\Windows\System32\RPCRT4.dll
0x00007ff865270000 - 0x00007ff865297000 	C:\Windows\System32\bcrypt.dll
0x00007ff866450000 - 0x00007ff8664bb000 	C:\Windows\System32\WS2_32.dll
0x00007ff864f70000 - 0x00007ff864fbb000 	C:\Windows\SYSTEM32\POWRPROF.dll
0x00007ff854310000 - 0x00007ff854337000 	C:\Windows\SYSTEM32\WINMM.dll
0x00007ff8622a0000 - 0x00007ff8622aa000 	C:\Windows\SYSTEM32\VERSION.dll
0x00007ff864f50000 - 0x00007ff864f62000 	C:\Windows\SYSTEM32\UMPDC.dll
0x00007ff8639e0000 - 0x00007ff8639f2000 	C:\Windows\SYSTEM32\kernel.appcore.dll
0x00007ff861170000 - 0x00007ff86117a000 	D:\andorid studio\jbr\bin\jimage.dll
0x00007ff862f00000 - 0x00007ff863101000 	C:\Windows\SYSTEM32\DBGHELP.DLL
0x00007ff8391b0000 - 0x00007ff8391e4000 	C:\Windows\SYSTEM32\dbgcore.DLL
0x00007ff865450000 - 0x00007ff8654d2000 	C:\Windows\System32\bcryptPrimitives.dll
0x00007ff853d10000 - 0x00007ff853d30000 	D:\andorid studio\jbr\bin\java.dll

dbghelp: loaded successfully - version: 4.0.5 - missing functions: none
symbol engine: initialized successfully - sym options: 0x614 - pdb path: .;D:\andorid studio\jbr\bin;C:\Windows\SYSTEM32;C:\Windows\WinSxS\amd64_microsoft.windows.common-controls_6595b64144ccf1df_6.0.19041.5915_none_60b4b9d171f9c7c7;D:\andorid studio\jbr\bin\server

VM Arguments:
java_command: org.jetbrains.kotlin.cli.jvm.K2JVMCompiler @D:\Deep_Linking\app\build\20250714_7908921259946717079.compiler.options
java_class_path (initial): C:\Users\dell\.gradle\caches\modules-2\files-2.1\org.jetbrains.kotlin\kotlin-compiler-embeddable\2.0.21\79346ed53db48b18312a472602eb5c057070c54d\kotlin-compiler-embeddable-2.0.21.jar;C:\Users\dell\.gradle\caches\modules-2\files-2.1\org.jetbrains.kotlin\kotlin-stdlib\2.0.21\618b539767b4899b4660a83006e052b63f1db551\kotlin-stdlib-2.0.21.jar;C:\Users\dell\.gradle\caches\modules-2\files-2.1\org.jetbrains.kotlin\kotlin-script-runtime\2.0.21\c9b044380ad41f89aa89aa896c2d32a8c0b2129d\kotlin-script-runtime-2.0.21.jar;C:\Users\dell\.gradle\caches\modules-2\files-2.1\org.jetbrains.kotlin\kotlin-reflect\1.6.10\1cbe9c92c12a94eea200d23c2bbaedaf3daf5132\kotlin-reflect-1.6.10.jar;C:\Users\dell\.gradle\caches\modules-2\files-2.1\org.jetbrains.kotlin\kotlin-daemon-embeddable\2.0.21\c9e933b23287de9b5a17e2116b4657bb91aea72c\kotlin-daemon-embeddable-2.0.21.jar;C:\Users\dell\.gradle\caches\modules-2\files-2.1\org.jetbrains.intellij.deps\trove4j\1.0.20200330\3afb14d5f9ceb459d724e907a21145e8ff394f02\trove4j-1.0.20200330.jar;C:\Users\dell\.gradle\caches\modules-2\files-2.1\org.jetbrains.kotlinx\kotlinx-coroutines-core-jvm\1.6.4\2c997cd1c0ef33f3e751d3831929aeff1390cb30\kotlinx-coroutines-core-jvm-1.6.4.jar;C:\Users\dell\.gradle\caches\modules-2\files-2.1\org.jetbrains\annotations\13.0\919f0dfe192fb4e063e7dacadee7f8bb9a2672a9\annotations-13.0.jar
Launcher Type: SUN_STANDARD

[Global flags]
     intx CICompilerCount                          = 3                                         {product} {ergonomic}
     uint ConcGCThreads                            = 1                                         {product} {ergonomic}
     uint G1ConcRefinementThreads                  = 4                                         {product} {ergonomic}
   size_t G1HeapRegionSize                         = 1048576                                   {product} {ergonomic}
    uintx GCDrainStackTargetSize                   = 64                                        {product} {ergonomic}
   size_t InitialHeapSize                          = 130023424                                 {product} {ergonomic}
   size_t MarkStackSize                            = 4194304                                   {product} {ergonomic}
   size_t MaxHeapSize                              = 2053111808                                {product} {ergonomic}
   size_t MinHeapDeltaBytes                        = 1048576                                   {product} {ergonomic}
   size_t MinHeapSize                              = 8388608                                   {product} {ergonomic}
    uintx NonNMethodCodeHeapSize                   = 5832780                                {pd product} {ergonomic}
    uintx NonProfiledCodeHeapSize                  = 122912730                              {pd product} {ergonomic}
    uintx ProfiledCodeHeapSize                     = 122912730                              {pd product} {ergonomic}
    uintx ReservedCodeCacheSize                    = 251658240                              {pd product} {ergonomic}
     bool SegmentedCodeCache                       = true                                      {product} {ergonomic}
   size_t SoftMaxHeapSize                          = 2053111808                             {manageable} {ergonomic}
     bool UseCompressedOops                        = true                           {product lp64_product} {ergonomic}
     bool UseG1GC                                  = true                                      {product} {ergonomic}
     bool UseLargePagesIndividualAllocation        = false                                  {pd product} {ergonomic}

Logging:
Log output configuration:
 #0: stdout all=warning uptime,level,tags foldmultilines=false
 #1: stderr all=off uptime,level,tags foldmultilines=false

Environment Variables:
PATH=C:\Windows\system32;C:\Windows;C:\Windows\System32\Wbem;C:\Windows\System32\WindowsPowerShell\v1.0\;C:\Windows\System32\OpenSSH\;C:\Program Files\dotnet\;C:\Program Files (x86)\dotnet\;C:\Program Files\Git\cmd;C:\Users\dell\AppData\Local\Microsoft\WindowsApps;
USERNAME=dell
OS=Windows_NT
PROCESSOR_IDENTIFIER=Intel64 Family 6 Model 78 Stepping 3, GenuineIntel
TMP=C:\Users\dell\AppData\Local\Temp
TEMP=C:\Users\dell\AppData\Local\Temp




Periodic native trim disabled

JNI global refs:
JNI global refs: 0, weak refs: 0

JNI global refs memory usage: 0, weak refs: 0

Process memory usage:
Resident Set Size: 10640K (0% of 8016736K total physical memory with 443344K free physical memory)

OOME stack traces (most recent first):
Classloader memory used:

---------------  S Y S T E M  ---------------

OS:
 Windows 10 , 64 bit Build 19041 (10.0.19041.5915)
OS uptime: 4 days 2:02 hours

CPU: total 4 (initial active 4) (2 cores per cpu, 2 threads per core) family 6 model 78 stepping 3 microcode 0xec, cx8, cmov, fxsr, ht, mmx, 3dnowpref, sse, sse2, sse3, ssse3, sse4.1, sse4.2, popcnt, lzcnt, tsc, tscinvbit, avx, avx2, aes, erms, clmul, bmi1, bmi2, rtm, adx, fma, vzeroupper, clflush, clflushopt, rdtscp, f16c
Processor Information for the first 4 processors :
  Max Mhz: 2496, Current Mhz: 2396, Mhz Limit: 2396

Memory: 4k page, system-wide physical 7828M (432M free)
TotalPageFile size 20098M (AvailPageFile size 28M)
current process WorkingSet (physical memory assigned to process): 10M, peak: 10M
current process commit charge ("private bytes"): 51M, peak: 175M

vm_info: OpenJDK 64-Bit Server VM (21.0.6+-13368085-b895.109) for windows-amd64 JRE (21.0.6+-13368085-b895.109), built on 2025-04-16T17:01:31Z by "builder" with MS VC++ 16.10 / 16.11 (VS2019)

END.
