#
# There is insufficient memory for the Java Runtime Environment to continue.
# Native memory allocation (mmap) failed to map 10485760 bytes. Error detail: G1 virtual space
# Possible reasons:
#   The system is out of physical RAM or swap space
#   This process is running with CompressedOops enabled, and the Java Heap may be blocking the growth of the native heap
# Possible solutions:
#   Reduce memory load on the system
#   Increase physical memory or swap space
#   Check if swap backing store is full
#   Decrease Java heap size (-Xmx/-Xms)
#   Decrease number of Java threads
#   Decrease Java thread stack sizes (-Xss)
#   Set larger code cache with -XX:ReservedCodeCacheSize=
#   JVM is running with Unscaled Compressed Oops mode in which the Java heap is
#     placed in the first 4GB address space. The Java Heap base address is the
#     maximum limit for the native heap growth. Please use -XX:HeapBaseMinAddress
#     to set the Java Heap base and to place the Java Heap above 4GB virtual address.
# This output file may be truncated or incomplete.
#
#  Out of Memory Error (os_windows.cpp:3898), pid=11472, tid=14712
#
# JRE version: OpenJDK Runtime Environment (21.0.6) (build 21.0.6+-13368085-b895.109)
# Java VM: OpenJDK 64-Bit Server VM (21.0.6+-13368085-b895.109, mixed mode, tiered, compressed oops, compressed class ptrs, g1 gc, windows-amd64)
# No core dump will be written. Minidumps are not enabled by default on client versions of Windows
#

---------------  S U M M A R Y ------------

Command Line: org.jetbrains.kotlin.cli.jvm.K2JVMCompiler @D:\Deep_Linking\app\build\20250714_13651780455517565442.compiler.options

Host: Intel(R) Core(TM) i5-6300U CPU @ 2.40GHz, 4 cores, 7G,  Windows 10 , 64 bit Build 19041 (10.0.19041.5915)
Time: Mon Jul 14 14:13:02 2025 Pakistan Standard Time elapsed time: 4.728768 seconds (0d 0h 0m 4s)

---------------  T H R E A D  ---------------

Current thread (0x000001a2312dece0):  VMThread "VM Thread"          [id=14712, stack(0x0000000c96100000,0x0000000c96200000) (1024K)]

Stack: [0x0000000c96100000,0x0000000c96200000]
Native frames: (J=compiled Java code, j=interpreted, Vv=VM code, C=native code)
V  [jvm.dll+0x6d0639]
V  [jvm.dll+0x85eb03]
V  [jvm.dll+0x86105e]
V  [jvm.dll+0x861743]
V  [jvm.dll+0x27e6e6]
V  [jvm.dll+0x6ccfd5]
V  [jvm.dll+0x6c0a8a]
V  [jvm.dll+0x35537b]
V  [jvm.dll+0x35cfd6]
V  [jvm.dll+0x3aef86]
V  [jvm.dll+0x3af258]
V  [jvm.dll+0x327a2c]
V  [jvm.dll+0x327ab7]
V  [jvm.dll+0x36d93c]
V  [jvm.dll+0x36c0ee]
V  [jvm.dll+0x327181]
V  [jvm.dll+0x36b7f0]
V  [jvm.dll+0x8674c8]
V  [jvm.dll+0x868844]
V  [jvm.dll+0x868d80]
V  [jvm.dll+0x869013]
V  [jvm.dll+0x806ed8]
V  [jvm.dll+0x6cef0d]
C  [ucrtbase.dll+0x21bb2]
C  [KERNEL32.DLL+0x17374]
C  [ntdll.dll+0x4cc91]

VM_Operation (0x0000000c95afb260): G1CollectForAllocation, mode: safepoint, requested by thread 0x000001a21a63d680


---------------  P R O C E S S  ---------------

Threads class SMR info:
_java_thread_list=0x000001a238737340, length=12, elements={
0x000001a21a63d680, 0x000001a23146aac0, 0x000001a231498830, 0x000001a23149dc20,
0x000001a23149b6b0, 0x000001a23149c100, 0x000001a23149cb50, 0x000001a2314ae7b0,
0x000001a2314c2ed0, 0x000001a23164dc20, 0x000001a2316524d0, 0x000001a23658c360
}

Java Threads: ( => current thread )
  0x000001a21a63d680 JavaThread "main"                              [_thread_blocked, id=3336, stack(0x0000000c95a00000,0x0000000c95b00000) (1024K)]
  0x000001a23146aac0 JavaThread "Reference Handler"          daemon [_thread_blocked, id=6628, stack(0x0000000c96200000,0x0000000c96300000) (1024K)]
  0x000001a231498830 JavaThread "Finalizer"                  daemon [_thread_blocked, id=10412, stack(0x0000000c96300000,0x0000000c96400000) (1024K)]
  0x000001a23149dc20 JavaThread "Signal Dispatcher"          daemon [_thread_blocked, id=12140, stack(0x0000000c96400000,0x0000000c96500000) (1024K)]
  0x000001a23149b6b0 JavaThread "Attach Listener"            daemon [_thread_blocked, id=9916, stack(0x0000000c96500000,0x0000000c96600000) (1024K)]
  0x000001a23149c100 JavaThread "Service Thread"             daemon [_thread_blocked, id=6680, stack(0x0000000c96600000,0x0000000c96700000) (1024K)]
  0x000001a23149cb50 JavaThread "Monitor Deflation Thread"   daemon [_thread_blocked, id=18592, stack(0x0000000c96700000,0x0000000c96800000) (1024K)]
  0x000001a2314ae7b0 JavaThread "C2 CompilerThread0"         daemon [_thread_blocked, id=7532, stack(0x0000000c96800000,0x0000000c96900000) (1024K)]
  0x000001a2314c2ed0 JavaThread "C1 CompilerThread0"         daemon [_thread_blocked, id=13344, stack(0x0000000c96900000,0x0000000c96a00000) (1024K)]
  0x000001a23164dc20 JavaThread "Notification Thread"        daemon [_thread_blocked, id=10244, stack(0x0000000c96a00000,0x0000000c96b00000) (1024K)]
  0x000001a2316524d0 JavaThread "Common-Cleaner"             daemon [_thread_blocked, id=13608, stack(0x0000000c96b00000,0x0000000c96c00000) (1024K)]
  0x000001a23658c360 JavaThread "C2 CompilerThread1"         daemon [_thread_blocked, id=5872, stack(0x0000000c96f00000,0x0000000c97000000) (1024K)]
Total: 12

Other Threads:
=>0x000001a2312dece0 VMThread "VM Thread"                           [id=14712, stack(0x0000000c96100000,0x0000000c96200000) (1024K)]
  0x000001a23127a790 WatcherThread "VM Periodic Task Thread"        [id=18640, stack(0x0000000c96000000,0x0000000c96100000) (1024K)]
  0x000001a21a68e040 WorkerThread "GC Thread#0"                     [id=4784, stack(0x0000000c95b00000,0x0000000c95c00000) (1024K)]
  0x000001a23630bd40 WorkerThread "GC Thread#1"                     [id=13628, stack(0x0000000c96c00000,0x0000000c96d00000) (1024K)]
  0x000001a23635fc60 WorkerThread "GC Thread#2"                     [id=15456, stack(0x0000000c96d00000,0x0000000c96e00000) (1024K)]
  0x000001a23637b8f0 WorkerThread "GC Thread#3"                     [id=11008, stack(0x0000000c96e00000,0x0000000c96f00000) (1024K)]
  0x000001a21a69e650 ConcurrentGCThread "G1 Main Marker"            [id=17276, stack(0x0000000c95c00000,0x0000000c95d00000) (1024K)]
  0x000001a21a6a0900 WorkerThread "G1 Conc#0"                       [id=7316, stack(0x0000000c95d00000,0x0000000c95e00000) (1024K)]
  0x000001a21a70e4a0 ConcurrentGCThread "G1 Refine#0"               [id=14816, stack(0x0000000c95e00000,0x0000000c95f00000) (1024K)]
  0x000001a23114b250 ConcurrentGCThread "G1 Service"                [id=17152, stack(0x0000000c95f00000,0x0000000c96000000) (1024K)]
Total: 10

Threads with active compile tasks:
C2 CompilerThread0  4759 3368       4       java.util.Collections$SetFromMap::add (22 bytes)
C2 CompilerThread1  4759 3353   !   4       jdk.internal.loader.BuiltinClassLoader::findClassOnClassPathOrNull (64 bytes)
Total: 2

VM state: at safepoint (normal execution)

VM Mutex/Monitor currently owned by a thread:  ([mutex/lock_event])
[0x00007ff80f84e3a0] Threads_lock - owner thread: 0x000001a2312dece0
[0x00007ff80f84e4a0] Heap_lock - owner thread: 0x000001a21a63d680

Heap address: 0x0000000085a00000, size: 1958 MB, Compressed Oops mode: 32-bit

CDS archive(s) not mapped
Compressed class space mapped at: 0x0000000100000000-0x0000000140000000, reserved size: 1073741824
Narrow klass base: 0x0000000000000000, Narrow klass shift: 3, Narrow klass range: 0x140000000

GC Precious Log:
 CardTable entry size: 512
 Card Set container configuration: InlinePtr #cards 5 size 8 Array Of Cards #cards 12 size 40 Howl #buckets 4 coarsen threshold 1843 Howl Bitmap #cards 512 size 80 coarsen threshold 460 Card regions per heap region 1 cards per card region 2048
 CPUs: 4 total, 4 available
 Memory: 7828M
 Large Page Support: Disabled
 NUMA Support: Disabled
 Compressed Oops: Enabled (32-bit)
 Heap Region Size: 1M
 Heap Min Capacity: 8M
 Heap Initial Capacity: 124M
 Heap Max Capacity: 1958M
 Pre-touch: Disabled
 Parallel Workers: 4
 Concurrent Workers: 1
 Concurrent Refinement Workers: 4
 Periodic GC: Disabled

Heap:
 garbage-first heap   total 48128K, used 28965K [0x0000000085a00000, 0x0000000100000000)
  region size 1024K, 3 young (3072K), 3 survivors (3072K)
 Metaspace       used 50550K, committed 50880K, reserved 1114112K
  class space    used 5789K, committed 5952K, reserved 1048576K

Heap Regions: E=young(eden), S=young(survivor), O=old, HS=humongous(starts), HC=humongous(continues), CS=collection set, F=free, TAMS=top-at-mark-start, PB=parsable bottom
|   0|0x0000000085a00000, 0x0000000085b00000, 0x0000000085b00000|100%|HS|  |TAMS 0x0000000085b00000| PB 0x0000000085a00000| Complete 
|   1|0x0000000085b00000, 0x0000000085c00000, 0x0000000085c00000|100%|HC|  |TAMS 0x0000000085c00000| PB 0x0000000085b00000| Complete 
|   2|0x0000000085c00000, 0x0000000085d00000, 0x0000000085d00000|100%|HC|  |TAMS 0x0000000085d00000| PB 0x0000000085c00000| Complete 
|   3|0x0000000085d00000, 0x0000000085e00000, 0x0000000085e00000|100%| O|  |TAMS 0x0000000085e00000| PB 0x0000000085d00000| Untracked 
|   4|0x0000000085e00000, 0x0000000085f00000, 0x0000000085f00000|100%| O|  |TAMS 0x0000000085f00000| PB 0x0000000085e00000| Untracked 
|   5|0x0000000085f00000, 0x0000000086000000, 0x0000000086000000|100%| O|  |TAMS 0x0000000086000000| PB 0x0000000085f00000| Untracked 
|   6|0x0000000086000000, 0x0000000086100000, 0x0000000086100000|100%| O|  |TAMS 0x0000000086100000| PB 0x0000000086000000| Untracked 
|   7|0x0000000086100000, 0x0000000086200000, 0x0000000086200000|100%| O|  |TAMS 0x0000000086200000| PB 0x0000000086100000| Untracked 
|   8|0x0000000086200000, 0x0000000086300000, 0x0000000086300000|100%| O|  |TAMS 0x0000000086300000| PB 0x0000000086200000| Untracked 
|   9|0x0000000086300000, 0x0000000086400000, 0x0000000086400000|100%| O|  |TAMS 0x0000000086400000| PB 0x0000000086300000| Untracked 
|  10|0x0000000086400000, 0x0000000086500000, 0x0000000086500000|100%| O|  |TAMS 0x0000000086500000| PB 0x0000000086400000| Untracked 
|  11|0x0000000086500000, 0x0000000086600000, 0x0000000086600000|100%| O|  |TAMS 0x0000000086600000| PB 0x0000000086500000| Untracked 
|  12|0x0000000086600000, 0x0000000086700000, 0x0000000086700000|100%| O|  |TAMS 0x0000000086700000| PB 0x0000000086600000| Untracked 
|  13|0x0000000086700000, 0x0000000086800000, 0x0000000086800000|100%| O|  |TAMS 0x0000000086800000| PB 0x0000000086700000| Untracked 
|  14|0x0000000086800000, 0x0000000086900000, 0x0000000086900000|100%| O|  |TAMS 0x0000000086900000| PB 0x0000000086800000| Untracked 
|  15|0x0000000086900000, 0x0000000086a00000, 0x0000000086a00000|100%| O|  |TAMS 0x0000000086a00000| PB 0x0000000086900000| Untracked 
|  16|0x0000000086a00000, 0x0000000086b00000, 0x0000000086b00000|100%| O|  |TAMS 0x0000000086b00000| PB 0x0000000086a00000| Untracked 
|  17|0x0000000086b00000, 0x0000000086c00000, 0x0000000086c00000|100%| O|  |TAMS 0x0000000086c00000| PB 0x0000000086b00000| Untracked 
|  18|0x0000000086c00000, 0x0000000086d00000, 0x0000000086d00000|100%| O|  |TAMS 0x0000000086d00000| PB 0x0000000086c00000| Untracked 
|  19|0x0000000086d00000, 0x0000000086e00000, 0x0000000086e00000|100%| O|  |TAMS 0x0000000086e00000| PB 0x0000000086d00000| Untracked 
|  20|0x0000000086e00000, 0x0000000086f00000, 0x0000000086f00000|100%| O|  |TAMS 0x0000000086f00000| PB 0x0000000086e00000| Untracked 
|  21|0x0000000086f00000, 0x0000000086f00000, 0x0000000087000000|  0%| F|  |TAMS 0x0000000086f00000| PB 0x0000000086f00000| Untracked 
|  22|0x0000000087000000, 0x0000000087100000, 0x0000000087100000|100%| O|  |TAMS 0x0000000087000000| PB 0x0000000087000000| Untracked 
|  23|0x0000000087100000, 0x0000000087200000, 0x0000000087200000|100%| O|  |TAMS 0x0000000087100000| PB 0x0000000087100000| Untracked 
|  24|0x0000000087200000, 0x0000000087200000, 0x0000000087300000|  0%| F|  |TAMS 0x0000000087200000| PB 0x0000000087200000| Untracked 
|  25|0x0000000087300000, 0x0000000087400000, 0x0000000087400000|100%| O|  |TAMS 0x0000000087300000| PB 0x0000000087300000| Untracked 
|  26|0x0000000087400000, 0x0000000087400000, 0x0000000087500000|  0%| F|  |TAMS 0x0000000087400000| PB 0x0000000087400000| Untracked 
|  27|0x0000000087500000, 0x0000000087500000, 0x0000000087600000|  0%| F|  |TAMS 0x0000000087500000| PB 0x0000000087500000| Untracked 
|  28|0x0000000087600000, 0x0000000087649610, 0x0000000087700000| 28%| S|CS|TAMS 0x0000000087600000| PB 0x0000000087600000| Complete 
|  29|0x0000000087700000, 0x0000000087800000, 0x0000000087800000|100%| S|CS|TAMS 0x0000000087700000| PB 0x0000000087700000| Complete 
|  30|0x0000000087800000, 0x0000000087900000, 0x0000000087900000|100%| S|CS|TAMS 0x0000000087800000| PB 0x0000000087800000| Complete 
|  31|0x0000000087900000, 0x0000000087900000, 0x0000000087a00000|  0%| F|  |TAMS 0x0000000087900000| PB 0x0000000087900000| Untracked 
|  32|0x0000000087a00000, 0x0000000087a00000, 0x0000000087b00000|  0%| F|  |TAMS 0x0000000087a00000| PB 0x0000000087a00000| Untracked 
|  33|0x0000000087b00000, 0x0000000087b00000, 0x0000000087c00000|  0%| F|  |TAMS 0x0000000087b00000| PB 0x0000000087b00000| Untracked 
|  34|0x0000000087c00000, 0x0000000087c00000, 0x0000000087d00000|  0%| F|  |TAMS 0x0000000087c00000| PB 0x0000000087c00000| Untracked 
|  35|0x0000000087d00000, 0x0000000087d00000, 0x0000000087e00000|  0%| F|  |TAMS 0x0000000087d00000| PB 0x0000000087d00000| Untracked 
|  36|0x0000000087e00000, 0x0000000087e00000, 0x0000000087f00000|  0%| F|  |TAMS 0x0000000087e00000| PB 0x0000000087e00000| Untracked 
|  37|0x0000000087f00000, 0x0000000087f00000, 0x0000000088000000|  0%| F|  |TAMS 0x0000000087f00000| PB 0x0000000087f00000| Untracked 
|  38|0x0000000088000000, 0x0000000088000000, 0x0000000088100000|  0%| F|  |TAMS 0x0000000088000000| PB 0x0000000088000000| Untracked 
|  39|0x0000000088100000, 0x0000000088100000, 0x0000000088200000|  0%| F|  |TAMS 0x0000000088100000| PB 0x0000000088100000| Untracked 
|  40|0x0000000088200000, 0x0000000088200000, 0x0000000088300000|  0%| F|  |TAMS 0x0000000088200000| PB 0x0000000088200000| Untracked 
| 109|0x000000008c700000, 0x000000008c700000, 0x000000008c800000|  0%| F|  |TAMS 0x000000008c700000| PB 0x000000008c700000| Untracked 
| 110|0x000000008c800000, 0x000000008c800000, 0x000000008c900000|  0%| F|  |TAMS 0x000000008c800000| PB 0x000000008c800000| Untracked 
| 123|0x000000008d500000, 0x000000008d500000, 0x000000008d600000|  0%| F|  |TAMS 0x000000008d500000| PB 0x000000008d500000| Untracked 
|1955|0x00000000ffd00000, 0x00000000ffe00000, 0x00000000ffe00000|100%| O|  |TAMS 0x00000000ffdc1dd0| PB 0x00000000ffd00000| Untracked 
|1956|0x00000000ffe00000, 0x00000000fff00000, 0x00000000fff00000|100%| O|  |TAMS 0x00000000fff00000| PB 0x00000000ffe00000| Untracked 
|1957|0x00000000fff00000, 0x00000000fff00000, 0x0000000100000000|  0%| F|  |TAMS 0x00000000fff00000| PB 0x00000000fff00000| Untracked 

Card table byte_map: [0x000001a22cb80000,0x000001a22cf60000] _byte_map_base: 0x000001a22c753000

Marking Bits: (CMBitMap*) 0x000001a21a68e740
 Bits: [0x000001a22cf60000, 0x000001a22edf8000)

Polling page: 0x000001a218450000

Metaspace:

Usage:
  Non-class:     43.71 MB used.
      Class:      5.65 MB used.
       Both:     49.37 MB used.

Virtual space:
  Non-class space:       64.00 MB reserved,      43.88 MB ( 69%) committed,  1 nodes.
      Class space:        1.00 GB reserved,       5.81 MB ( <1%) committed,  1 nodes.
             Both:        1.06 GB reserved,      49.69 MB (  5%) committed. 

Chunk freelists:
   Non-Class:  3.64 MB
       Class:  10.17 MB
        Both:  13.81 MB

MaxMetaspaceSize: unlimited
CompressedClassSpaceSize: 1.00 GB
Initial GC threshold: 21.00 MB
Current GC threshold: 54.69 MB
CDS: off
 - commit_granule_bytes: 65536.
 - commit_granule_words: 8192.
 - virtual_space_node_default_size: 8388608.
 - enlarge_chunks_in_place: 1.
 - use_allocation_guard: 0.


Internal statistics:

num_allocs_failed_limit: 3.
num_arena_births: 240.
num_arena_deaths: 0.
num_vsnodes_births: 2.
num_vsnodes_deaths: 0.
num_space_committed: 795.
num_space_uncommitted: 0.
num_chunks_returned_to_freelist: 3.
num_chunks_taken_from_freelist: 1728.
num_chunk_merges: 0.
num_chunk_splits: 1421.
num_chunks_enlarged: 1289.
num_inconsistent_stats: 0.

CodeHeap 'non-profiled nmethods': size=120000Kb used=1595Kb max_used=1595Kb free=118404Kb
 bounds [0x000001a225270000, 0x000001a2254e0000, 0x000001a22c7a0000]
CodeHeap 'profiled nmethods': size=120000Kb used=6925Kb max_used=6925Kb free=113074Kb
 bounds [0x000001a21d7a0000, 0x000001a21de70000, 0x000001a224cd0000]
CodeHeap 'non-nmethods': size=5760Kb used=1571Kb max_used=1681Kb free=4188Kb
 bounds [0x000001a224cd0000, 0x000001a224f40000, 0x000001a225270000]
 total_blobs=3908 nmethods=3268 adapters=544
 compilation: enabled
              stopped_count=0, restarted_count=0
 full_count=0

Compilation events (20 events):
Event: 4.709 Thread 0x000001a2314c2ed0 3380       3       org.jetbrains.kotlin.metadata.jvm.JvmProtoBuf$JvmMethodSignature::<init> (7 bytes)
Event: 4.709 Thread 0x000001a2314c2ed0 nmethod 3380 0x000001a21de5f610 code [0x000001a21de5f7c0, 0x000001a21de5f8f8]
Event: 4.709 Thread 0x000001a2314c2ed0 3384       3       org.jetbrains.kotlin.metadata.jvm.JvmProtoBuf$JvmMethodSignature$1::parsePartialFrom (11 bytes)
Event: 4.709 Thread 0x000001a2314c2ed0 nmethod 3384 0x000001a21de5f990 code [0x000001a21de5fb40, 0x000001a21de5fd40]
Event: 4.709 Thread 0x000001a2314c2ed0 3385       3       org.jetbrains.kotlin.load.kotlin.FileBasedKotlinClass$3::visitArray (42 bytes)
Event: 4.710 Thread 0x000001a2314c2ed0 nmethod 3385 0x000001a21de5fe90 code [0x000001a21de600c0, 0x000001a21de60838]
Event: 4.710 Thread 0x000001a2314c2ed0 3386       3       org.jetbrains.kotlin.protobuf.CodedInputStream::<init> (69 bytes)
Event: 4.710 Thread 0x000001a2314c2ed0 nmethod 3386 0x000001a21de60b10 code [0x000001a21de60cc0, 0x000001a21de60fe0]
Event: 4.710 Thread 0x000001a2314c2ed0 3382       3       org.jetbrains.kotlin.load.kotlin.header.KotlinClassHeader::getMultifileClassName (33 bytes)
Event: 4.710 Thread 0x000001a2314c2ed0 nmethod 3382 0x000001a21de61090 code [0x000001a21de61240, 0x000001a21de61420]
Event: 4.710 Thread 0x000001a2314c2ed0 3383       1       org.jetbrains.kotlin.metadata.ProtoBuf$Package::getVersionRequirementTable (5 bytes)
Event: 4.710 Thread 0x000001a2314c2ed0 nmethod 3383 0x000001a2253fec10 code [0x000001a2253feda0, 0x000001a2253fee68]
Event: 4.712 Thread 0x000001a2314c2ed0 3387       3       org.jetbrains.kotlin.protobuf.CodedInputStream::readRawVarint64 (305 bytes)
Event: 4.712 Thread 0x000001a2314c2ed0 nmethod 3387 0x000001a21de61490 code [0x000001a21de61680, 0x000001a21de61df0]
Event: 4.713 Thread 0x000001a2314c2ed0 3389       3       org.jetbrains.kotlin.config.AnalysisFlag$Delegate::getValue (11 bytes)
Event: 4.713 Thread 0x000001a2314c2ed0 nmethod 3389 0x000001a21de62010 code [0x000001a21de62220, 0x000001a21de627a0]
Event: 4.713 Thread 0x000001a2314c2ed0 3388       3       org.jetbrains.kotlin.metadata.jvm.JvmProtoBuf$JvmMethodSignature$Builder::setDesc (17 bytes)
Event: 4.713 Thread 0x000001a2314c2ed0 nmethod 3388 0x000001a21de62a10 code [0x000001a21de62ba0, 0x000001a21de62cb8]
Event: 4.714 Thread 0x000001a2314c2ed0 3391       3       org.jetbrains.kotlin.it.unimi.dsi.fastutil.objects.AbstractObjectSet::equals (42 bytes)
Event: 4.714 Thread 0x000001a2314c2ed0 nmethod 3391 0x000001a21de62d90 code [0x000001a21de62fa0, 0x000001a21de63608]

GC Heap History (20 events):
Event: 0.990 GC heap after
{Heap after GC invocations=2 (full 0):
 garbage-first heap   total 126976K, used 6978K [0x0000000085a00000, 0x0000000100000000)
  region size 1024K, 2 young (2048K), 2 survivors (2048K)
 Metaspace       used 17036K, committed 17216K, reserved 1114112K
  class space    used 1657K, committed 1728K, reserved 1048576K
}
Event: 1.244 GC heap before
{Heap before GC invocations=2 (full 0):
 garbage-first heap   total 126976K, used 19266K [0x0000000085a00000, 0x0000000100000000)
  region size 1024K, 15 young (15360K), 2 survivors (2048K)
 Metaspace       used 21340K, committed 21504K, reserved 1114112K
  class space    used 2164K, committed 2240K, reserved 1048576K
}
Event: 1.248 GC heap after
{Heap after GC invocations=3 (full 0):
 garbage-first heap   total 126976K, used 7461K [0x0000000085a00000, 0x0000000100000000)
  region size 1024K, 2 young (2048K), 2 survivors (2048K)
 Metaspace       used 21340K, committed 21504K, reserved 1114112K
  class space    used 2164K, committed 2240K, reserved 1048576K
}
Event: 1.656 GC heap before
{Heap before GC invocations=4 (full 0):
 garbage-first heap   total 27648K, used 26917K [0x0000000085a00000, 0x0000000100000000)
  region size 1024K, 21 young (21504K), 2 survivors (2048K)
 Metaspace       used 25184K, committed 25536K, reserved 1114112K
  class space    used 2651K, committed 2816K, reserved 1048576K
}
Event: 1.667 GC heap after
{Heap after GC invocations=5 (full 0):
 garbage-first heap   total 33792K, used 11557K [0x0000000085a00000, 0x0000000100000000)
  region size 1024K, 6 young (6144K), 6 survivors (6144K)
 Metaspace       used 25184K, committed 25536K, reserved 1114112K
  class space    used 2651K, committed 2816K, reserved 1048576K
}
Event: 1.906 GC heap before
{Heap before GC invocations=5 (full 0):
 garbage-first heap   total 33792K, used 23845K [0x0000000085a00000, 0x0000000100000000)
  region size 1024K, 18 young (18432K), 6 survivors (6144K)
 Metaspace       used 26953K, committed 27200K, reserved 1114112K
  class space    used 2895K, committed 3008K, reserved 1048576K
}
Event: 1.925 GC heap after
{Heap after GC invocations=6 (full 0):
 garbage-first heap   total 34816K, used 15349K [0x0000000085a00000, 0x0000000100000000)
  region size 1024K, 3 young (3072K), 3 survivors (3072K)
 Metaspace       used 26953K, committed 27200K, reserved 1114112K
  class space    used 2895K, committed 3008K, reserved 1048576K
}
Event: 2.150 GC heap before
{Heap before GC invocations=6 (full 0):
 garbage-first heap   total 34816K, used 24565K [0x0000000085a00000, 0x0000000100000000)
  region size 1024K, 13 young (13312K), 3 survivors (3072K)
 Metaspace       used 29450K, committed 29760K, reserved 1114112K
  class space    used 3128K, committed 3264K, reserved 1048576K
}
Event: 2.155 GC heap after
{Heap after GC invocations=7 (full 0):
 garbage-first heap   total 34816K, used 16875K [0x0000000085a00000, 0x0000000100000000)
  region size 1024K, 1 young (1024K), 1 survivors (1024K)
 Metaspace       used 29450K, committed 29760K, reserved 1114112K
  class space    used 3128K, committed 3264K, reserved 1048576K
}
Event: 2.505 GC heap before
{Heap before GC invocations=7 (full 0):
 garbage-first heap   total 34816K, used 26091K [0x0000000085a00000, 0x0000000100000000)
  region size 1024K, 11 young (11264K), 1 survivors (1024K)
 Metaspace       used 33111K, committed 33344K, reserved 1114112K
  class space    used 4011K, committed 4096K, reserved 1048576K
}
Event: 2.508 GC heap after
{Heap after GC invocations=8 (full 0):
 garbage-first heap   total 46080K, used 17412K [0x0000000085a00000, 0x0000000100000000)
  region size 1024K, 2 young (2048K), 2 survivors (2048K)
 Metaspace       used 33111K, committed 33344K, reserved 1114112K
  class space    used 4011K, committed 4096K, reserved 1048576K
}
Event: 2.953 GC heap before
{Heap before GC invocations=9 (full 0):
 garbage-first heap   total 46080K, used 36868K [0x0000000085a00000, 0x0000000100000000)
  region size 1024K, 22 young (22528K), 2 survivors (2048K)
 Metaspace       used 37320K, committed 37568K, reserved 1114112K
  class space    used 4456K, committed 4544K, reserved 1048576K
}
Event: 2.960 GC heap after
{Heap after GC invocations=10 (full 0):
 garbage-first heap   total 46080K, used 18738K [0x0000000085a00000, 0x0000000100000000)
  region size 1024K, 3 young (3072K), 3 survivors (3072K)
 Metaspace       used 37320K, committed 37568K, reserved 1114112K
  class space    used 4456K, committed 4544K, reserved 1048576K
}
Event: 3.401 GC heap before
{Heap before GC invocations=10 (full 0):
 garbage-first heap   total 46080K, used 37170K [0x0000000085a00000, 0x0000000100000000)
  region size 1024K, 22 young (22528K), 3 survivors (3072K)
 Metaspace       used 42949K, committed 43200K, reserved 1114112K
  class space    used 5009K, committed 5120K, reserved 1048576K
}
Event: 3.409 GC heap after
{Heap after GC invocations=11 (full 0):
 garbage-first heap   total 46080K, used 19453K [0x0000000085a00000, 0x0000000100000000)
  region size 1024K, 3 young (3072K), 3 survivors (3072K)
 Metaspace       used 42949K, committed 43200K, reserved 1114112K
  class space    used 5009K, committed 5120K, reserved 1048576K
}
Event: 3.927 GC heap before
{Heap before GC invocations=11 (full 0):
 garbage-first heap   total 46080K, used 37885K [0x0000000085a00000, 0x0000000100000000)
  region size 1024K, 22 young (22528K), 3 survivors (3072K)
 Metaspace       used 47073K, committed 47296K, reserved 1114112K
  class space    used 5451K, committed 5568K, reserved 1048576K
}
Event: 3.937 GC heap after
{Heap after GC invocations=12 (full 0):
 garbage-first heap   total 46080K, used 21366K [0x0000000085a00000, 0x0000000100000000)
  region size 1024K, 3 young (3072K), 3 survivors (3072K)
 Metaspace       used 47073K, committed 47296K, reserved 1114112K
  class space    used 5451K, committed 5568K, reserved 1048576K
}
Event: 4.360 GC heap before
{Heap before GC invocations=12 (full 0):
 garbage-first heap   total 46080K, used 39798K [0x0000000085a00000, 0x0000000100000000)
  region size 1024K, 21 young (21504K), 3 survivors (3072K)
 Metaspace       used 48488K, committed 48768K, reserved 1114112K
  class space    used 5566K, committed 5696K, reserved 1048576K
}
Event: 4.376 GC heap after
{Heap after GC invocations=13 (full 0):
 garbage-first heap   total 48128K, used 26375K [0x0000000085a00000, 0x0000000100000000)
  region size 1024K, 3 young (3072K), 3 survivors (3072K)
 Metaspace       used 48488K, committed 48768K, reserved 1114112K
  class space    used 5566K, committed 5696K, reserved 1048576K
}
Event: 4.715 GC heap before
{Heap before GC invocations=13 (full 0):
 garbage-first heap   total 48128K, used 39687K [0x0000000085a00000, 0x0000000100000000)
  region size 1024K, 17 young (17408K), 3 survivors (3072K)
 Metaspace       used 50550K, committed 50880K, reserved 1114112K
  class space    used 5789K, committed 5952K, reserved 1048576K
}

Dll operation events (3 events):
Event: 0.009 Loaded shared library D:\andorid studio\jbr\bin\java.dll
Event: 0.019 Loaded shared library D:\andorid studio\jbr\bin\zip.dll
Event: 1.464 Loaded shared library D:\andorid studio\jbr\bin\verify.dll

Deoptimization events (20 events):
Event: 3.810 Thread 0x000001a21a63d680 DEOPT PACKING pc=0x000001a21dbcfed4 sp=0x0000000c95afd1b0
Event: 3.810 Thread 0x000001a21a63d680 DEOPT UNPACKING pc=0x000001a224d24e42 sp=0x0000000c95afc7f0 mode 0
Event: 4.104 Thread 0x000001a21a63d680 Uncommon trap: trap_request=0xffffffcc fr.pc=0x000001a22538ebb4 relative=0x0000000000000374
Event: 4.104 Thread 0x000001a21a63d680 Uncommon trap: reason=intrinsic_or_type_checked_inlining action=make_not_entrant pc=0x000001a22538ebb4 method=java.util.Arrays.copyOf([Ljava/lang/Object;ILjava/lang/Class;)[Ljava/lang/Object; @ 35 c2
Event: 4.104 Thread 0x000001a21a63d680 DEOPT PACKING pc=0x000001a22538ebb4 sp=0x0000000c95afb3c0
Event: 4.104 Thread 0x000001a21a63d680 DEOPT UNPACKING pc=0x000001a224d246a2 sp=0x0000000c95afb350 mode 2
Event: 4.257 Thread 0x000001a21a63d680 Uncommon trap: trap_request=0xffffff5c fr.pc=0x000001a2253c58e8 relative=0x00000000000000a8
Event: 4.257 Thread 0x000001a21a63d680 Uncommon trap: reason=speculate_null_check action=make_not_entrant pc=0x000001a2253c58e8 method=org.jetbrains.kotlin.com.intellij.openapi.vfs.VfsUtilCore.isAncestor(Lorg/jetbrains/kotlin/com/intellij/openapi/vfs/VirtualFile;Lorg/jetbrains/kotlin/com/intel
Event: 4.257 Thread 0x000001a21a63d680 DEOPT PACKING pc=0x000001a2253c58e8 sp=0x0000000c95afd7f0
Event: 4.257 Thread 0x000001a21a63d680 DEOPT UNPACKING pc=0x000001a224d246a2 sp=0x0000000c95afd780 mode 2
Event: 4.308 Thread 0x000001a21a63d680 Uncommon trap: trap_request=0xffffff45 fr.pc=0x000001a2253babd4 relative=0x00000000000002f4
Event: 4.308 Thread 0x000001a21a63d680 Uncommon trap: reason=unstable_if action=reinterpret pc=0x000001a2253babd4 method=org.jetbrains.kotlin.name.Name.hashCode()I @ 16 c2
Event: 4.308 Thread 0x000001a21a63d680 DEOPT PACKING pc=0x000001a2253babd4 sp=0x0000000c95afb770
Event: 4.308 Thread 0x000001a21a63d680 DEOPT UNPACKING pc=0x000001a224d246a2 sp=0x0000000c95afb6f8 mode 2
Event: 4.340 Thread 0x000001a21a63d680 Uncommon trap: trap_request=0xffffff45 fr.pc=0x000001a2252fff14 relative=0x00000000000000f4
Event: 4.340 Thread 0x000001a21a63d680 Uncommon trap: reason=unstable_if action=reinterpret pc=0x000001a2252fff14 method=java.lang.Integer.valueOf(I)Ljava/lang/Integer; @ 3 c2
Event: 4.340 Thread 0x000001a21a63d680 DEOPT PACKING pc=0x000001a2252fff14 sp=0x0000000c95afc2b0
Event: 4.340 Thread 0x000001a21a63d680 DEOPT UNPACKING pc=0x000001a224d246a2 sp=0x0000000c95afc248 mode 2
Event: 4.399 Thread 0x000001a21a63d680 DEOPT PACKING pc=0x000001a21da12e1a sp=0x0000000c95afba90
Event: 4.399 Thread 0x000001a21a63d680 DEOPT UNPACKING pc=0x000001a224d24e42 sp=0x0000000c95afaf50 mode 0

Classes loaded (20 events):
Event: 3.218 Loading class java/math/RoundingMode
Event: 3.218 Loading class java/math/RoundingMode done
Event: 3.384 Loading class java/util/PriorityQueue
Event: 3.384 Loading class java/util/PriorityQueue done
Event: 3.566 Loading class java/security/AccessControlException
Event: 3.566 Loading class java/security/AccessControlException done
Event: 3.578 Loading class java/lang/annotation/ElementType
Event: 3.578 Loading class java/lang/annotation/ElementType done
Event: 3.578 Loading class java/lang/Deprecated
Event: 3.578 Loading class java/lang/Deprecated done
Event: 3.578 Loading class java/lang/Override
Event: 3.578 Loading class java/lang/Override done
Event: 3.801 Loading class java/text/StringCharacterIterator
Event: 3.801 Loading class java/text/CharacterIterator
Event: 3.801 Loading class java/text/CharacterIterator done
Event: 3.801 Loading class java/text/StringCharacterIterator done
Event: 4.199 Loading class java/util/ArrayList$SubList$1
Event: 4.199 Loading class java/util/ArrayList$SubList$1 done
Event: 4.502 Loading class java/util/AbstractList$ListItr
Event: 4.502 Loading class java/util/AbstractList$ListItr done

Classes unloaded (0 events):
No events

Classes redefined (0 events):
No events

Internal exceptions (20 events):
Event: 1.149 Thread 0x000001a21a63d680 Exception <a 'java/lang/NoSuchMethodError'{0x000000008cea3fe8}: 'int java.lang.invoke.DirectMethodHandle$Holder.invokeStatic(java.lang.Object)'> (0x000000008cea3fe8) 
thrown [s\src\hotspot\share\interpreter\linkResolver.cpp, line 784]
Event: 1.150 Thread 0x000001a21a63d680 Exception <a 'java/lang/NoSuchMethodError'{0x000000008cea7430}: 'int java.lang.invoke.DirectMethodHandle$Holder.invokeStaticInit(java.lang.Object)'> (0x000000008cea7430) 
thrown [s\src\hotspot\share\interpreter\linkResolver.cpp, line 784]
Event: 1.272 Thread 0x000001a21a63d680 Exception <a 'java/lang/NoSuchMethodError'{0x0000000087136d38}: 'void java.lang.invoke.DirectMethodHandle$Holder.invokeStatic(java.lang.Object, java.lang.Object, java.lang.Object, java.lang.Object)'> (0x0000000087136d38) 
thrown [s\src\hotspot\share\interpreter\linkResolver.cpp, line 784]
Event: 1.307 Thread 0x000001a21a63d680 Exception <a 'java/lang/NoSuchMethodError'{0x00000000870902c0}: 'java.lang.Object java.lang.invoke.DirectMethodHandle$Holder.invokeInterface(java.lang.Object, java.lang.Object)'> (0x00000000870902c0) 
thrown [s\src\hotspot\share\interpreter\linkResolver.cpp, line 784]
Event: 1.355 Thread 0x000001a21a63d680 Exception <a 'java/lang/NoSuchMethodError'{0x0000000086d70cd8}: 'void java.lang.invoke.DirectMethodHandle$Holder.invokeStaticInit(java.lang.Object, java.lang.Object)'> (0x0000000086d70cd8) 
thrown [s\src\hotspot\share\interpreter\linkResolver.cpp, line 784]
Event: 1.394 Thread 0x000001a21a63d680 Exception <a 'java/lang/NoSuchMethodError'{0x0000000086b50f10}: 'int java.lang.invoke.DirectMethodHandle$Holder.invokeVirtual(java.lang.Object, java.lang.Object, java.lang.Object)'> (0x0000000086b50f10) 
thrown [s\src\hotspot\share\interpreter\linkResolver.cpp, line 784]
Event: 1.430 Thread 0x000001a21a63d680 Exception <a 'java/lang/NoSuchMethodError'{0x0000000086929c60}: 'void java.lang.invoke.Invokers$Holder.invokeExact_MT(java.lang.Object, int, java.lang.Object)'> (0x0000000086929c60) 
thrown [s\src\hotspot\share\interpreter\linkResolver.cpp, line 784]
Event: 1.497 Thread 0x000001a21a63d680 Exception <a 'java/lang/NoSuchMethodError'{0x000000008679e6a0}: 'void java.lang.invoke.DirectMethodHandle$Holder.invokeVirtual(java.lang.Object, java.lang.Object)'> (0x000000008679e6a0) 
thrown [s\src\hotspot\share\interpreter\linkResolver.cpp, line 784]
Event: 1.512 Thread 0x000001a21a63d680 Exception <a 'java/lang/NoSuchMethodError'{0x00000000866121d8}: 'long java.lang.invoke.DirectMethodHandle$Holder.invokeStatic(java.lang.Object, java.lang.Object, int)'> (0x00000000866121d8) 
thrown [s\src\hotspot\share\interpreter\linkResolver.cpp, line 784]
Event: 1.513 Thread 0x000001a21a63d680 Exception <a 'java/lang/NoSuchMethodError'{0x000000008661d1c0}: 'java.lang.Object java.lang.invoke.DelegatingMethodHandle$Holder.reinvoke_L(java.lang.Object, int, long, java.lang.Object, java.lang.Object, int, java.lang.Object)'> (0x000000008661d1c0) 
thrown [s\src\hotspot\share\interpreter\linkResolver.cpp, line 784]
Event: 1.520 Thread 0x000001a21a63d680 Exception <a 'java/lang/NoSuchMethodError'{0x0000000086644570}: 'java.lang.Object java.lang.invoke.DirectMethodHandle$Holder.invokeStatic(java.lang.Object, java.lang.Object, int)'> (0x0000000086644570) 
thrown [s\src\hotspot\share\interpreter\linkResolver.cpp, line 784]
Event: 1.521 Thread 0x000001a21a63d680 Exception <a 'java/lang/NoSuchMethodError'{0x000000008664fbd0}: 'void java.lang.invoke.DelegatingMethodHandle$Holder.delegate(java.lang.Object, java.lang.Object, int, java.lang.Object)'> (0x000000008664fbd0) 
thrown [s\src\hotspot\share\interpreter\linkResolver.cpp, line 784]
Event: 1.772 Thread 0x000001a21a63d680 Exception <a 'java/lang/NoSuchMethodError'{0x0000000086ce6ee8}: 'java.lang.Object java.lang.invoke.DirectMethodHandle$Holder.invokeStatic(java.lang.Object, java.lang.Object, int, java.lang.Object)'> (0x0000000086ce6ee8) 
thrown [s\src\hotspot\share\interpreter\linkResolver.cpp, line 784]
Event: 2.014 Thread 0x000001a21a63d680 Exception <a 'java/lang/NoSuchMethodError'{0x000000008761ac10}: 'java.lang.Object java.lang.invoke.DirectMethodHandle$Holder.newInvokeSpecial(java.lang.Object, java.lang.Object, java.lang.Object, java.lang.Object, java.lang.Object, java.lang.Object)'> (0x000000008761ac10) 
thrown [s\src\hotspot\share\interpreter\linkResolver.cpp, line 784]
Event: 2.677 Thread 0x000001a21a63d680 Exception <a 'java/lang/NoSuchMethodError'{0x0000000087f96ec0}: 'java.lang.Object java.lang.invoke.DirectMethodHandle$Holder.newInvokeSpecial(java.lang.Object, java.lang.Object, java.lang.Object, java.lang.Object, java.lang.Object, java.lang.Object, java.lang.Object)'> (0x0000000087f96ec0) 
thrown [s\src\hotspot\share\interpreter\linkResolver.cpp, line 784]
Event: 3.011 Thread 0x000001a21a63d680 Exception <a 'java/lang/NoSuchMethodError'{0x000000008c748070}: 'java.lang.Object java.lang.invoke.DirectMethodHandle$Holder.invokeVirtual(java.lang.Object, java.lang.Object, java.lang.Object)'> (0x000000008c748070) 
thrown [s\src\hotspot\share\interpreter\linkResolver.cpp, line 784]
Event: 3.063 Thread 0x000001a21a63d680 Exception <a 'java/lang/NoSuchMethodError'{0x00000000882c9270}: 'java.lang.Object java.lang.invoke.DirectMethodHandle$Holder.newInvokeSpecial(java.lang.Object, java.lang.Object, int)'> (0x00000000882c9270) 
thrown [s\src\hotspot\share\interpreter\linkResolver.cpp, line 784]
Event: 3.144 Thread 0x000001a21a63d680 Exception <a 'java/lang/NoSuchMethodError'{0x0000000087d71a60}: 'int java.lang.invoke.DirectMethodHandle$Holder.invokeStaticInit(java.lang.Object, int)'> (0x0000000087d71a60) 
thrown [s\src\hotspot\share\interpreter\linkResolver.cpp, line 784]
Event: 3.253 Thread 0x000001a21a63d680 Implicit null exception at 0x000001a225348063 to 0x000001a2253480f9
Event: 3.548 Thread 0x000001a21a63d680 Exception <a 'java/lang/NoSuchMethodError'{0x0000000087f42ed0}: 'java.lang.Object java.lang.invoke.DirectMethodHandle$Holder.newInvokeSpecial(java.lang.Object, java.lang.Object, java.lang.Object, int, java.lang.Object)'> (0x0000000087f42ed0) 
thrown [s\src\hotspot\share\interpreter\linkResolver.cpp, line 784]

ZGC Phase Switch (0 events):
No events

VM Operations (20 events):
Event: 2.960 Executing VM operation: G1CollectForAllocation (G1 Evacuation Pause) done
Event: 3.155 Executing VM operation: HandshakeAllThreads (Deoptimize)
Event: 3.155 Executing VM operation: HandshakeAllThreads (Deoptimize) done
Event: 3.401 Executing VM operation: G1CollectForAllocation (G1 Evacuation Pause)
Event: 3.409 Executing VM operation: G1CollectForAllocation (G1 Evacuation Pause) done
Event: 3.566 Executing VM operation: HandshakeAllThreads (Deoptimize)
Event: 3.566 Executing VM operation: HandshakeAllThreads (Deoptimize) done
Event: 3.663 Executing VM operation: HandshakeAllThreads (Deoptimize)
Event: 3.663 Executing VM operation: HandshakeAllThreads (Deoptimize) done
Event: 3.810 Executing VM operation: HandshakeAllThreads (Deoptimize)
Event: 3.810 Executing VM operation: HandshakeAllThreads (Deoptimize) done
Event: 3.927 Executing VM operation: G1CollectForAllocation (G1 Evacuation Pause)
Event: 3.937 Executing VM operation: G1CollectForAllocation (G1 Evacuation Pause) done
Event: 4.308 Executing VM operation: ICBufferFull
Event: 4.308 Executing VM operation: ICBufferFull done
Event: 4.360 Executing VM operation: G1CollectForAllocation (G1 Evacuation Pause)
Event: 4.376 Executing VM operation: G1CollectForAllocation (G1 Evacuation Pause) done
Event: 4.502 Executing VM operation: HandshakeAllThreads (Deoptimize)
Event: 4.502 Executing VM operation: HandshakeAllThreads (Deoptimize) done
Event: 4.715 Executing VM operation: G1CollectForAllocation (G1 Evacuation Pause)

Memory protections (0 events):
No events

Nmethod flushes (20 events):
Event: 2.540 Thread 0x000001a2312dece0 flushing  nmethod 0x000001a21d7d0810
Event: 2.540 Thread 0x000001a2312dece0 flushing  nmethod 0x000001a21d7d2690
Event: 2.540 Thread 0x000001a2312dece0 flushing  nmethod 0x000001a21d7d3e90
Event: 2.540 Thread 0x000001a2312dece0 flushing  nmethod 0x000001a21d7d4b90
Event: 2.540 Thread 0x000001a2312dece0 flushing  nmethod 0x000001a21d7d6110
Event: 2.540 Thread 0x000001a2312dece0 flushing  nmethod 0x000001a21d7d6e90
Event: 2.540 Thread 0x000001a2312dece0 flushing  nmethod 0x000001a21d7e1910
Event: 2.540 Thread 0x000001a2312dece0 flushing  nmethod 0x000001a21d7e2910
Event: 2.540 Thread 0x000001a2312dece0 flushing  nmethod 0x000001a21d7e2c90
Event: 2.540 Thread 0x000001a2312dece0 flushing  nmethod 0x000001a21d7f2390
Event: 2.540 Thread 0x000001a2312dece0 flushing  nmethod 0x000001a21d7f7110
Event: 2.540 Thread 0x000001a2312dece0 flushing  nmethod 0x000001a21d7f7890
Event: 2.540 Thread 0x000001a2312dece0 flushing  nmethod 0x000001a21d802510
Event: 2.540 Thread 0x000001a2312dece0 flushing  nmethod 0x000001a21d817c10
Event: 2.540 Thread 0x000001a2312dece0 flushing  nmethod 0x000001a21d829790
Event: 2.540 Thread 0x000001a2312dece0 flushing  nmethod 0x000001a21d83ab10
Event: 2.540 Thread 0x000001a2312dece0 flushing  nmethod 0x000001a21d866490
Event: 2.540 Thread 0x000001a2312dece0 flushing  nmethod 0x000001a21d86d910
Event: 2.540 Thread 0x000001a2312dece0 flushing  nmethod 0x000001a21d8a6710
Event: 2.540 Thread 0x000001a2312dece0 flushing  nmethod 0x000001a21d8c0f90

Events (20 events):
Event: 0.016 Thread 0x000001a21a63d680 Thread added: 0x000001a21a63d680
Event: 0.129 Thread 0x000001a21a63d680 Thread added: 0x000001a23146aac0
Event: 0.129 Thread 0x000001a21a63d680 Thread added: 0x000001a231498830
Event: 0.131 Thread 0x000001a21a63d680 Thread added: 0x000001a23149dc20
Event: 0.131 Thread 0x000001a21a63d680 Thread added: 0x000001a23149b6b0
Event: 0.131 Thread 0x000001a21a63d680 Thread added: 0x000001a23149c100
Event: 0.131 Thread 0x000001a21a63d680 Thread added: 0x000001a23149cb50
Event: 0.131 Thread 0x000001a21a63d680 Thread added: 0x000001a2314ae7b0
Event: 0.132 Thread 0x000001a21a63d680 Thread added: 0x000001a2314c2ed0
Event: 0.186 Thread 0x000001a21a63d680 Thread added: 0x000001a23164dc20
Event: 0.192 Thread 0x000001a21a63d680 Thread added: 0x000001a2316524d0
Event: 0.202 Loaded shared library D:\andorid studio\jbr\bin\net.dll
Event: 0.204 Loaded shared library D:\andorid studio\jbr\bin\nio.dll
Event: 0.228 Thread 0x000001a2314ae7b0 Thread added: 0x000001a231653d30
Event: 0.241 Loaded shared library D:\andorid studio\jbr\bin\zip.dll
Event: 0.278 Loaded shared library D:\andorid studio\jbr\bin\jimage.dll
Event: 0.601 Thread 0x000001a231653d30 Thread exited: 0x000001a231653d30
Event: 1.524 Thread 0x000001a2314c2ed0 Thread added: 0x000001a23658c360
Event: 2.818 Thread 0x000001a23658c360 Thread exited: 0x000001a23658c360
Event: 3.487 Thread 0x000001a2314c2ed0 Thread added: 0x000001a23658c360


Dynamic libraries:
0x00007ff6bd040000 - 0x00007ff6bd04a000 	D:\andorid studio\jbr\bin\java.exe
0x00007ff867b30000 - 0x00007ff867d28000 	C:\Windows\SYSTEM32\ntdll.dll
0x00007ff8662f0000 - 0x00007ff8663b2000 	C:\Windows\System32\KERNEL32.DLL
0x00007ff8654e0000 - 0x00007ff8657d6000 	C:\Windows\System32\KERNELBASE.dll
0x00007ff865a50000 - 0x00007ff865b50000 	C:\Windows\System32\ucrtbase.dll
0x00007ff839df0000 - 0x00007ff839e08000 	D:\andorid studio\jbr\bin\jli.dll
0x00007ff85e930000 - 0x00007ff85e94b000 	D:\andorid studio\jbr\bin\VCRUNTIME140.dll
0x00007ff865b50000 - 0x00007ff865ced000 	C:\Windows\System32\USER32.dll
0x00007ff865240000 - 0x00007ff865262000 	C:\Windows\System32\win32u.dll
0x00007ff84fd20000 - 0x00007ff84ffba000 	C:\Windows\WinSxS\amd64_microsoft.windows.common-controls_6595b64144ccf1df_6.0.19041.5915_none_60b4b9d171f9c7c7\COMCTL32.dll
0x00007ff866fc0000 - 0x00007ff866feb000 	C:\Windows\System32\GDI32.dll
0x00007ff867120000 - 0x00007ff8671be000 	C:\Windows\System32\msvcrt.dll
0x00007ff865880000 - 0x00007ff865999000 	C:\Windows\System32\gdi32full.dll
0x00007ff8657e0000 - 0x00007ff86587d000 	C:\Windows\System32\msvcp_win.dll
0x00007ff866420000 - 0x00007ff86644f000 	C:\Windows\System32\IMM32.DLL
0x00007ff8611e0000 - 0x00007ff8611ec000 	D:\andorid studio\jbr\bin\vcruntime140_1.dll
0x00007ff8317a0000 - 0x00007ff83182d000 	D:\andorid studio\jbr\bin\msvcp140.dll
0x00007ff80eca0000 - 0x00007ff80f92b000 	D:\andorid studio\jbr\bin\server\jvm.dll
0x00007ff865d60000 - 0x00007ff865e11000 	C:\Windows\System32\ADVAPI32.dll
0x00007ff865e20000 - 0x00007ff865ebf000 	C:\Windows\System32\sechost.dll
0x00007ff866570000 - 0x00007ff866693000 	C:\Windows\System32\RPCRT4.dll
0x00007ff865270000 - 0x00007ff865297000 	C:\Windows\System32\bcrypt.dll
0x00007ff866450000 - 0x00007ff8664bb000 	C:\Windows\System32\WS2_32.dll
0x00007ff864f70000 - 0x00007ff864fbb000 	C:\Windows\SYSTEM32\POWRPROF.dll
0x00007ff854310000 - 0x00007ff854337000 	C:\Windows\SYSTEM32\WINMM.dll
0x00007ff8622a0000 - 0x00007ff8622aa000 	C:\Windows\SYSTEM32\VERSION.dll
0x00007ff864f50000 - 0x00007ff864f62000 	C:\Windows\SYSTEM32\UMPDC.dll
0x00007ff8639e0000 - 0x00007ff8639f2000 	C:\Windows\SYSTEM32\kernel.appcore.dll
0x00007ff861170000 - 0x00007ff86117a000 	D:\andorid studio\jbr\bin\jimage.dll
0x00007ff862f00000 - 0x00007ff863101000 	C:\Windows\SYSTEM32\DBGHELP.DLL
0x00007ff8391b0000 - 0x00007ff8391e4000 	C:\Windows\SYSTEM32\dbgcore.DLL
0x00007ff865450000 - 0x00007ff8654d2000 	C:\Windows\System32\bcryptPrimitives.dll
0x00007ff853d10000 - 0x00007ff853d30000 	D:\andorid studio\jbr\bin\java.dll
0x00007ff8521b0000 - 0x00007ff8521c8000 	D:\andorid studio\jbr\bin\zip.dll
0x00007ff8671c0000 - 0x00007ff86792e000 	C:\Windows\System32\SHELL32.dll
0x00007ff863220000 - 0x00007ff8639c4000 	C:\Windows\SYSTEM32\windows.storage.dll
0x00007ff865f90000 - 0x00007ff8662e3000 	C:\Windows\System32\combase.dll
0x00007ff864b10000 - 0x00007ff864b3b000 	C:\Windows\SYSTEM32\Wldp.dll
0x00007ff865ec0000 - 0x00007ff865f8d000 	C:\Windows\System32\OLEAUT32.dll
0x00007ff8664c0000 - 0x00007ff86656d000 	C:\Windows\System32\SHCORE.dll
0x00007ff8663c0000 - 0x00007ff86641b000 	C:\Windows\System32\shlwapi.dll
0x00007ff8650f0000 - 0x00007ff865114000 	C:\Windows\SYSTEM32\profapi.dll
0x00007ff855110000 - 0x00007ff855120000 	D:\andorid studio\jbr\bin\net.dll
0x00007ff8622b0000 - 0x00007ff8623ba000 	C:\Windows\SYSTEM32\WINHTTP.dll
0x00007ff864880000 - 0x00007ff8648ea000 	C:\Windows\system32\mswsock.dll
0x00007ff852190000 - 0x00007ff8521a6000 	D:\andorid studio\jbr\bin\nio.dll
0x00007ff8542f0000 - 0x00007ff854300000 	D:\andorid studio\jbr\bin\verify.dll

dbghelp: loaded successfully - version: 4.0.5 - missing functions: none
symbol engine: initialized successfully - sym options: 0x614 - pdb path: .;D:\andorid studio\jbr\bin;C:\Windows\SYSTEM32;C:\Windows\WinSxS\amd64_microsoft.windows.common-controls_6595b64144ccf1df_6.0.19041.5915_none_60b4b9d171f9c7c7;D:\andorid studio\jbr\bin\server

VM Arguments:
java_command: org.jetbrains.kotlin.cli.jvm.K2JVMCompiler @D:\Deep_Linking\app\build\20250714_13651780455517565442.compiler.options
java_class_path (initial): C:\Users\dell\.gradle\caches\modules-2\files-2.1\org.jetbrains.kotlin\kotlin-compiler-embeddable\2.0.21\79346ed53db48b18312a472602eb5c057070c54d\kotlin-compiler-embeddable-2.0.21.jar;C:\Users\dell\.gradle\caches\modules-2\files-2.1\org.jetbrains.kotlin\kotlin-stdlib\2.0.21\618b539767b4899b4660a83006e052b63f1db551\kotlin-stdlib-2.0.21.jar;C:\Users\dell\.gradle\caches\modules-2\files-2.1\org.jetbrains.kotlin\kotlin-script-runtime\2.0.21\c9b044380ad41f89aa89aa896c2d32a8c0b2129d\kotlin-script-runtime-2.0.21.jar;C:\Users\dell\.gradle\caches\modules-2\files-2.1\org.jetbrains.kotlin\kotlin-reflect\1.6.10\1cbe9c92c12a94eea200d23c2bbaedaf3daf5132\kotlin-reflect-1.6.10.jar;C:\Users\dell\.gradle\caches\modules-2\files-2.1\org.jetbrains.kotlin\kotlin-daemon-embeddable\2.0.21\c9e933b23287de9b5a17e2116b4657bb91aea72c\kotlin-daemon-embeddable-2.0.21.jar;C:\Users\dell\.gradle\caches\modules-2\files-2.1\org.jetbrains.intellij.deps\trove4j\1.0.20200330\3afb14d5f9ceb459d724e907a21145e8ff394f02\trove4j-1.0.20200330.jar;C:\Users\dell\.gradle\caches\modules-2\files-2.1\org.jetbrains.kotlinx\kotlinx-coroutines-core-jvm\1.6.4\2c997cd1c0ef33f3e751d3831929aeff1390cb30\kotlinx-coroutines-core-jvm-1.6.4.jar;C:\Users\dell\.gradle\caches\modules-2\files-2.1\org.jetbrains\annotations\13.0\919f0dfe192fb4e063e7dacadee7f8bb9a2672a9\annotations-13.0.jar
Launcher Type: SUN_STANDARD

[Global flags]
     intx CICompilerCount                          = 3                                         {product} {ergonomic}
     uint ConcGCThreads                            = 1                                         {product} {ergonomic}
     uint G1ConcRefinementThreads                  = 4                                         {product} {ergonomic}
   size_t G1HeapRegionSize                         = 1048576                                   {product} {ergonomic}
    uintx GCDrainStackTargetSize                   = 64                                        {product} {ergonomic}
   size_t InitialHeapSize                          = 130023424                                 {product} {ergonomic}
   size_t MarkStackSize                            = 4194304                                   {product} {ergonomic}
   size_t MaxHeapSize                              = 2053111808                                {product} {ergonomic}
   size_t MaxNewSize                               = 1231028224                                {product} {ergonomic}
   size_t MinHeapDeltaBytes                        = 1048576                                   {product} {ergonomic}
   size_t MinHeapSize                              = 8388608                                   {product} {ergonomic}
    uintx NonNMethodCodeHeapSize                   = 5832780                                {pd product} {ergonomic}
    uintx NonProfiledCodeHeapSize                  = 122912730                              {pd product} {ergonomic}
    uintx ProfiledCodeHeapSize                     = 122912730                              {pd product} {ergonomic}
    uintx ReservedCodeCacheSize                    = 251658240                              {pd product} {ergonomic}
     bool SegmentedCodeCache                       = true                                      {product} {ergonomic}
   size_t SoftMaxHeapSize                          = 2053111808                             {manageable} {ergonomic}
     bool UseCompressedOops                        = true                           {product lp64_product} {ergonomic}
     bool UseG1GC                                  = true                                      {product} {ergonomic}
     bool UseLargePagesIndividualAllocation        = false                                  {pd product} {ergonomic}

Logging:
Log output configuration:
 #0: stdout all=warning uptime,level,tags foldmultilines=false
 #1: stderr all=off uptime,level,tags foldmultilines=false

Environment Variables:
PATH=C:\Windows\system32;C:\Windows;C:\Windows\System32\Wbem;C:\Windows\System32\WindowsPowerShell\v1.0\;C:\Windows\System32\OpenSSH\;C:\Program Files\dotnet\;C:\Program Files (x86)\dotnet\;C:\Program Files\Git\cmd;C:\Users\dell\AppData\Local\Microsoft\WindowsApps;
USERNAME=dell
OS=Windows_NT
PROCESSOR_IDENTIFIER=Intel64 Family 6 Model 78 Stepping 3, GenuineIntel
TMP=C:\Users\dell\AppData\Local\Temp
TEMP=C:\Users\dell\AppData\Local\Temp




Periodic native trim disabled

JNI global refs:
JNI global refs: 7, weak refs: 0

JNI global refs memory usage: 835, weak refs: 833

Process memory usage:
Resident Set Size: 204180K (2% of 8016736K total physical memory with 631788K free physical memory)

OOME stack traces (most recent first):
Classloader memory used:
Loader jdk.internal.loader.ClassLoaders$AppClassLoader                                 : 39907K
Loader bootstrap                                                                       : 10383K
Loader java.net.URLClassLoader                                                         : 258K

---------------  S Y S T E M  ---------------

OS:
 Windows 10 , 64 bit Build 19041 (10.0.19041.5915)
OS uptime: 4 days 1:59 hours

CPU: total 4 (initial active 4) (2 cores per cpu, 2 threads per core) family 6 model 78 stepping 3 microcode 0xec, cx8, cmov, fxsr, ht, mmx, 3dnowpref, sse, sse2, sse3, ssse3, sse4.1, sse4.2, popcnt, lzcnt, tsc, tscinvbit, avx, avx2, aes, erms, clmul, bmi1, bmi2, rtm, adx, fma, vzeroupper, clflush, clflushopt, rdtscp, f16c
Processor Information for the first 4 processors :
  Max Mhz: 2496, Current Mhz: 2396, Mhz Limit: 2396

Memory: 4k page, system-wide physical 7828M (616M free)
TotalPageFile size 20098M (AvailPageFile size 7M)
current process WorkingSet (physical memory assigned to process): 199M, peak: 199M
current process commit charge ("private bytes"): 224M, peak: 236M

vm_info: OpenJDK 64-Bit Server VM (21.0.6+-13368085-b895.109) for windows-amd64 JRE (21.0.6+-13368085-b895.109), built on 2025-04-16T17:01:31Z by "builder" with MS VC++ 16.10 / 16.11 (VS2019)

END.
